<!DOCTYPE suite SYSTEM "http://testng.org/testng-1.0.dtd" >
<suite name="Calc Test Suite" parallel="tests" thread-count="2">
    <test name="Method tests">
        <classes>
            <class name="com.epam.gomel.model.CalcTest"/>
        </classes>
    </test>
</suite>